# JRE version: Java(TM) SE Runtime Environment 18.9 (11.0.25+9) (build 11.0.25+9-LTS-256)
# Java VM: Java HotSpot(TM) 64-Bit Server VM 18.9 (11.0.25+9-LTS-256, mixed mode, tiered, compressed oops, g1 gc, bsd-aarch64)
Heap:
 garbage-first heap   total 167936K, used 129469K [0x0000000640000000, 0x00000007c0000000)
  region size 1024K, 84 young (86016K), 3 survivors (3072K)
 Metaspace       used 102214K, capacity 105052K, committed 105184K, reserved 1140736K
  class space    used 13087K, capacity 14224K, committed 14336K, reserved 1048576K
GC Heap History (10 events):
Event: 11.509 GC heap before
{Heap before GC invocations=7 (full 0):
 garbage-first heap   total 393216K, used 74388K [0x0000000640000000, 0x00000007c0000000)
  region size 1024K, 50 young (51200K), 8 survivors (8192K)
 Metaspace       used 58271K, capacity 60025K, committed 60160K, reserved 1101824K
  class space    used 7635K, capacity 8358K, committed 8448K, reserved 1048576K
}
Event: 11.512 GC heap after
{Heap after GC invocations=8 (full 0):
 garbage-first heap   total 393216K, used 35505K [0x0000000640000000, 0x00000007c0000000)
  region size 1024K, 11 young (11264K), 11 survivors (11264K)
 Metaspace       used 58271K, capacity 60025K, committed 60160K, reserved 1101824K
  class space    used 7635K, capacity 8358K, committed 8448K, reserved 1048576K
}
Event: 14.552 GC heap before
{Heap before GC invocations=9 (full 0):
 garbage-first heap   total 393216K, used 258737K [0x0000000640000000, 0x00000007c0000000)
  region size 1024K, 230 young (235520K), 11 survivors (11264K)
 Metaspace       used 88316K, capacity 90880K, committed 91008K, reserved 1128448K
  class space    used 11334K, capacity 12402K, committed 12416K, reserved 1048576K
}
Event: 14.575 GC heap after
{Heap after GC invocations=10 (full 0):
 garbage-first heap   total 393216K, used 41688K [0x0000000640000000, 0x00000007c0000000)
  region size 1024K, 17 young (17408K), 17 survivors (17408K)
 Metaspace       used 88316K, capacity 90880K, committed 91008K, reserved 1128448K
  class space    used 11334K, capacity 12402K, committed 12416K, reserved 1048576K
}
Event: 16.689 GC heap before
{Heap before GC invocations=10 (full 0):
 garbage-first heap   total 393216K, used 85720K [0x0000000640000000, 0x00000007c0000000)
  region size 1024K, 62 young (63488K), 17 survivors (17408K)
 Metaspace       used 97976K, capacity 100537K, committed 100704K, reserved 1136640K
  class space    used 12562K, capacity 13616K, committed 13696K, reserved 1048576K
}
Event: 16.699 GC heap after
{Heap after GC invocations=11 (full 0):
 garbage-first heap   total 393216K, used 44818K [0x0000000640000000, 0x00000007c0000000)
  region size 1024K, 17 young (17408K), 17 survivors (17408K)
 Metaspace       used 97976K, capacity 100537K, committed 100704K, reserved 1136640K
  class space    used 12562K, capacity 13616K, committed 13696K, reserved 1048576K
}
Event: 16.896 GC heap before
{Heap before GC invocations=12 (full 0):
 garbage-first heap   total 393216K, used 65298K [0x0000000640000000, 0x00000007c0000000)
  region size 1024K, 38 young (38912K), 17 survivors (17408K)
 Metaspace       used 101236K, capacity 104050K, committed 104288K, reserved 1138688K
  class space    used 12999K, capacity 14175K, committed 14208K, reserved 1048576K
}
Event: 16.936 GC heap after
{Heap after GC invocations=13 (full 1):
 garbage-first heap   total 167936K, used 44727K [0x0000000640000000, 0x00000007c0000000)
  region size 1024K, 0 young (0K), 0 survivors (0K)
 Metaspace       used 101052K, capacity 103766K, committed 104288K, reserved 1138688K
  class space    used 12931K, capacity 14061K, committed 14208K, reserved 1048576K
}
Event: 24.607 GC heap before
{Heap before GC invocations=13 (full 1):
 garbage-first heap   total 167936K, used 131767K [0x0000000640000000, 0x00000007c0000000)
  region size 1024K, 85 young (87040K), 0 survivors (0K)
 Metaspace       used 102051K, capacity 104919K, committed 105184K, reserved 1140736K
  class space    used 13069K, capacity 14204K, committed 14336K, reserved 1048576K
}
Event: 24.610 GC heap after
{Heap after GC invocations=14 (full 1):
 garbage-first heap   total 167936K, used 47549K [0x0000000640000000, 0x00000007c0000000)
  region size 1024K, 3 young (3072K), 3 survivors (3072K)
 Metaspace       used 102051K, capacity 104919K, committed 105184K, reserved 1140736K
  class space    used 13069K, capacity 14204K, committed 14336K, reserved 1048576K
}

